Time: 1657703174575
File: latest.log
====================
[INFO - Main] Reciple Client v1.7.1 is starting...
[INFO - Main] Loading Modules from modules
[ERROR - Main] Failed to load module example.js
[ERROR - Main] /home/runner/Reciple-Bot-Template/modules/example.js:3
[ERROR - Main] export class Example {
[ERROR - Main] ^^^^^^
[ERROR - Main] 
[ERROR - Main] SyntaxError: Unexpected token 'export'
[ERROR - Main]     at Object.compileFunction (node:vm:352:18)
[ERROR - Main]     at wrapSafe (node:internal/modules/cjs/loader:1031:15)
[ERROR - Main]     at Module._compile (node:internal/modules/cjs/loader:1065:27)
[ERROR - Main]     at Object.Module._extensions..js (node:internal/modules/cjs/loader:1153:10)
[ERROR - Main]     at Module.load (node:internal/modules/cjs/loader:981:32)
[ERROR - Main]     at Function.Module._load (node:internal/modules/cjs/loader:822:12)
[ERROR - Main]     at Module.require (node:internal/modules/cjs/loader:1005:19)
[ERROR - Main]     at require (node:internal/modules/cjs/helpers:102:18)
[ERROR - Main]     at /home/runner/Reciple-Bot-Template/node_modules/reciple/bin/reciple/modules.js:39:32
[ERROR - Main]     at Generator.next (<anonymous>)
